#
# A fatal error has been detected by the Java Runtime Environment:
#
#  EXCEPTION_ACCESS_VIOLATION (0xc0000005) at pc=0x00007ff8ab815a98, pid=12476, tid=2028
#
# JRE version: OpenJDK Runtime Environment Temurin-21.0.2+13 (21.0.2+13) (build 21.0.2+13-LTS)
# Java VM: OpenJDK 64-Bit Server VM Temurin-21.0.2+13 (21.0.2+13-LTS, mixed mode, sharing, tiered, compressed oops, compressed class ptrs, g1 gc, windows-amd64)
# Problematic frame:
# V  [jvm.dll+0x355a98]
#
# No core dump will be written. Minidumps are not enabled by default on client versions of Windows
#
# If you would like to submit a bug report, please visit:
#   https://github.com/adoptium/adoptium-support/issues
#

---------------  S U M M A R Y ------------

Command Line: -XX:+ShowCodeDetailsInExceptionMessages -agentlib:jdwp=transport=dt_socket,suspend=y,address=localhost:51199 -javaagent:Z:\.settings\pleiades2023\configuration\org.eclipse.osgi\249\0\.cp\lib\javaagent-shaded.jar -Dfile.encoding=UTF-8 -Dstdout.encoding=UTF-8 -Dstderr.encoding=UTF-8 com.example.idol.IdolApplication

Host: Intel(R) Core(TM) i7-9700 CPU @ 3.00GHz, 8 cores, 15G,  Windows 11 , 64 bit Build 26100 (10.0.26100.4202)
Time: Mon Jun 23 20:46:23 2025  Windows 11 , 64 bit Build 26100 (10.0.26100.4202) elapsed time: 1367.938074 seconds (0d 0h 22m 47s)

---------------  T H R E A D  ---------------

Current thread (0x00000200758180c0):  WorkerThread "GC Thread#7"    [id=2028, stack(0x0000001cf7000000,0x0000001cf7100000) (1024K)]

Stack: [0x0000001cf7000000,0x0000001cf7100000],  sp=0x0000001cf70fe2d0,  free space=1016k
Native frames: (J=compiled Java code, j=interpreted, Vv=VM code, C=native code)
V  [jvm.dll+0x355a98]
V  [jvm.dll+0x363fe4]
V  [jvm.dll+0x31452b]
V  [jvm.dll+0x313f7d]
V  [jvm.dll+0x3ebbd5]
V  [jvm.dll+0x84cea6]
V  [jvm.dll+0x856931]
V  [jvm.dll+0x3646da]
V  [jvm.dll+0x36456a]
V  [jvm.dll+0x36be34]
V  [jvm.dll+0x36bfab]
V  [jvm.dll+0x8d0f87]
V  [jvm.dll+0x84cb3b]
V  [jvm.dll+0x6c7c2d]
C  [ucrtbase.dll+0x37b0]
C  [KERNEL32.DLL+0x2e8d7]
C  [ntdll.dll+0x3c34c]

JavaThread 0x000002007e7cc010 (nid = 6756) was being processed
Java frames: (J=compiled Java code, j=interpreted, Vv=VM code)
j  java.lang.invoke.DirectMethodHandle$Holder.newInvokeSpecial(Ljava/lang/Object;Ljava/lang/Object;Ljava/lang/Object;)Ljava/lang/Object;+19 java.base@21.0.2
j  java.lang.invoke.LambdaForm$MH+0x0000020001115000.invoke(Ljava/lang/Object;Ljava/lang/Object;Ljava/lang/Object;)Ljava/lang/Object;+52 java.base@21.0.2
J 10383 c2 java.lang.reflect.Constructor.newInstanceWithCaller([Ljava/lang/Object;ZLjava/lang/Class;)Ljava/lang/Object; java.base@21.0.2 (51 bytes) @ 0x000002006125bff4 [0x000002006125bbe0+0x0000000000000414]
J 3367 c1 org.springframework.beans.BeanUtils.instantiateClass(Ljava/lang/reflect/Constructor;[Ljava/lang/Object;)Ljava/lang/Object; (208 bytes) @ 0x0000020059c567bc [0x0000020059c55a40+0x0000000000000d7c]
j  org.springframework.beans.factory.support.SimpleInstantiationStrategy.instantiate(Lorg/springframework/beans/factory/support/RootBeanDefinition;Ljava/lang/String;Lorg/springframework/beans/factory/BeanFactory;Ljava/lang/reflect/Constructor;[Ljava/lang/Object;)Ljava/lang/Object;+11
j  org.springframework.beans.factory.support.ConstructorResolver.instantiate(Ljava/lang/String;Lorg/springframework/beans/factory/support/RootBeanDefinition;Ljava/lang/reflect/Constructor;[Ljava/lang/Object;)Ljava/lang/Object;+20
j  org.springframework.beans.factory.support.ConstructorResolver.autowireConstructor(Ljava/lang/String;Lorg/springframework/beans/factory/support/RootBeanDefinition;[Ljava/lang/reflect/Constructor;[Ljava/lang/Object;)Lorg/springframework/beans/BeanWrapper;+912
j  org.springframework.beans.factory.support.AbstractAutowireCapableBeanFactory.autowireConstructor(Ljava/lang/String;Lorg/springframework/beans/factory/support/RootBeanDefinition;[Ljava/lang/reflect/Constructor;[Ljava/lang/Object;)Lorg/springframework/beans/BeanWrapper;+13
J 8566 c1 org.springframework.beans.factory.support.AbstractAutowireCapableBeanFactory.createBeanInstance(Ljava/lang/String;Lorg/springframework/beans/factory/support/RootBeanDefinition;[Ljava/lang/Object;)Lorg/springframework/beans/BeanWrapper; (245 bytes) @ 0x0000020059b10f64 [0x0000020059b0fa60+0x0000000000001504]
J 8932 c1 org.springframework.beans.factory.support.AbstractAutowireCapableBeanFactory.doCreateBean(Ljava/lang/String;Lorg/springframework/beans/factory/support/RootBeanDefinition;[Ljava/lang/Object;)Ljava/lang/Object; (465 bytes) @ 0x0000020059ac5d0c [0x0000020059ac57a0+0x000000000000056c]
J 8937 c1 org.springframework.beans.factory.support.AbstractAutowireCapableBeanFactory.createBean(Ljava/lang/String;Lorg/springframework/beans/factory/support/RootBeanDefinition;[Ljava/lang/Object;)Ljava/lang/Object; (214 bytes) @ 0x00000200596ab784 [0x00000200596aa420+0x0000000000001364]
J 8936 c1 org.springframework.beans.factory.support.AbstractBeanFactory.lambda$doGetBean$0(Ljava/lang/String;Lorg/springframework/beans/factory/support/RootBeanDefinition;[Ljava/lang/Object;)Ljava/lang/Object; (18 bytes) @ 0x00000200599d5e9c [0x00000200599d5d60+0x000000000000013c]
J 8935 c1 org.springframework.beans.factory.support.AbstractBeanFactory$$Lambda+0x00000200011fb5c8.getObject()Ljava/lang/Object; (20 bytes) @ 0x0000020059baadec [0x0000020059baad40+0x00000000000000ac]
J 5828 c1 org.springframework.beans.factory.support.DefaultSingletonBeanRegistry.getSingleton(Ljava/lang/String;Lorg/springframework/beans/factory/ObjectFactory;)Ljava/lang/Object; (1299 bytes) @ 0x000002005972d1a4 [0x0000020059728fc0+0x00000000000041e4]
J 9924 c2 org.springframework.beans.factory.support.AbstractBeanFactory.doGetBean(Ljava/lang/String;Ljava/lang/Class;[Ljava/lang/Object;Z)Ljava/lang/Object; (787 bytes) @ 0x0000020061336b60 [0x0000020061335e20+0x0000000000000d40]
J 11772 c1 org.springframework.beans.factory.support.AbstractBeanFactory.getBean(Ljava/lang/String;)Ljava/lang/Object; (9 bytes) @ 0x0000020059cf8f6c [0x0000020059cf8e40+0x000000000000012c]
J 9010 c1 org.springframework.beans.factory.support.DefaultListableBeanFactory.instantiateSingleton(Ljava/lang/String;)V (56 bytes) @ 0x000002005a05e21c [0x000002005a05d1e0+0x000000000000103c]
J 5817 c1 org.springframework.beans.factory.support.DefaultListableBeanFactory.preInstantiateSingleton(Ljava/lang/String;Lorg/springframework/beans/factory/support/RootBeanDefinition;)Ljava/util/concurrent/CompletableFuture; (165 bytes) @ 0x0000020059dd1c3c [0x0000020059dd1000+0x0000000000000c3c]
j  org.springframework.beans.factory.support.DefaultListableBeanFactory.preInstantiateSingletons()V+123
j  org.springframework.context.support.AbstractApplicationContext.finishBeanFactoryInitialization(Lorg/springframework/beans/factory/config/ConfigurableListableBeanFactory;)V+284
j  org.springframework.context.support.AbstractApplicationContext.refresh()V+94
j  org.springframework.boot.web.servlet.context.ServletWebServerApplicationContext.refresh()V+1
j  org.springframework.boot.SpringApplication.refresh(Lorg/springframework/context/ConfigurableApplicationContext;)V+1
j  org.springframework.boot.SpringApplication.refreshContext(Lorg/springframework/context/ConfigurableApplicationContext;)V+19
j  org.springframework.boot.SpringApplication.run([Ljava/lang/String;)Lorg/springframework/context/ConfigurableApplicationContext;+113
j  org.springframework.boot.SpringApplication.run([Ljava/lang/Class;[Ljava/lang/String;)Lorg/springframework/context/ConfigurableApplicationContext;+9
j  org.springframework.boot.SpringApplication.run(Ljava/lang/Class;[Ljava/lang/String;)Lorg/springframework/context/ConfigurableApplicationContext;+9
j  com.example.idol.IdolApplication.main([Ljava/lang/String;)V+3
j  java.lang.invoke.LambdaForm$DMH+0x00000200010a9400.invokeStatic(Ljava/lang/Object;Ljava/lang/Object;)V+10 java.base@21.0.2
j  java.lang.invoke.LambdaForm$MH+0x00000200010aac00.invoke(Ljava/lang/Object;Ljava/lang/Object;Ljava/lang/Object;)Ljava/lang/Object;+33 java.base@21.0.2
J 6723 c2 java.lang.reflect.Method.invoke(Ljava/lang/Object;[Ljava/lang/Object;)Ljava/lang/Object; java.base@21.0.2 (108 bytes) @ 0x0000020061581a10 [0x0000020061580d80+0x0000000000000c90]
j  org.springframework.boot.devtools.restart.RestartLauncher.run()V+47
v  ~StubRoutines::call_stub 0x0000020060a9100d

siginfo: EXCEPTION_ACCESS_VIOLATION (0xc0000005), reading address 0x000000000000008c


Registers:
RAX=0x0000000000000000, RBX=0x0000000000000000, RCX=0x000000000000afa0, RDX=0x000000000000afa0
RSP=0x0000001cf70fe2d0, RBP=0x000000000000000e, RSI=0x0000001cf70fe670, RDI=0x0000001cf78fde70
R8 =0x0000020050e33b30, R9 =0x0000000000004000, R10=0x0000020060a90000, R11=0x0000001cf70fe518
R12=0x0000000000004000, R13=0x0000001cf78fde70, R14=0x0000020078a536c0, R15=0x000002000072cfd3
RIP=0x00007ff8ab815a98, EFLAGS=0x0000000000010206


Register to memory mapping:

RAX=0x0 is null
RBX=0x0 is null
RCX=0x000000000000afa0 is an unknown value
RDX=0x000000000000afa0 is an unknown value
RSP=0x0000001cf70fe2d0 points into unknown readable memory: 0x0000000000000000 | 00 00 00 00 00 00 00 00
RBP=0x000000000000000e is an unknown value
RSI=0x0000001cf70fe670 points into unknown readable memory: 0x0000001cf78fde58 | 58 de 8f f7 1c 00 00 00
RDI=0x0000001cf78fde70 is pointing into the stack for thread: 0x000002007e7cc010
R8 =0x0000020050e33b30 points into unknown readable memory: 0x00007ff8abedb548 | 48 b5 ed ab f8 7f 00 00
R9 =0x0000000000004000 is an unknown value
R10=0x0000020060a90000 points into unknown readable memory: 0x0000000000000006 | 06 00 00 00 00 00 00 00
R11=0x0000001cf70fe518 points into unknown readable memory: 0x00007ff8ab7d3f7d | 7d 3f 7d ab f8 7f 00 00
R12=0x0000000000004000 is an unknown value
R13=0x0000001cf78fde70 is pointing into the stack for thread: 0x000002007e7cc010
R14=0x0000020078a536c0 points into unknown readable memory: 0x00007ff8abee27d8 | d8 27 ee ab f8 7f 00 00
R15=0x000002000072cfd3 is pointing into metadata

Top of Stack: (sp=0x0000001cf70fe2d0)
0x0000001cf70fe2d0:   0000000000000000 0000000000000008
0x0000001cf70fe2e0:   000000000000012f 00007ff8abb7814f
0x0000001cf70fe2f0:   000000000000012f 0000000000000013
0x0000001cf70fe300:   0000001cf78fde70 0000000000000000
0x0000001cf70fe310:   0000001cf78fde70 0000001cf70fe378
0x0000001cf70fe320:   000002007cec3a98 0000000000000000
0x0000001cf70fe330:   00000200757a8170 0000020070a86000
0x0000001cf70fe340:   00000200005432f8 0000001cf78fde70
0x0000001cf70fe350:   0000001cf70fe670 0000001cf70fe4a0
0x0000001cf70fe360:   000002007cec3a98 00007ff8ab823fe4
0x0000001cf70fe370:   0000001cf70f0000 0000001cf70f0000
0x0000001cf70fe380:   0000020000480090 0000000000000000
0x0000001cf70fe390:   000002007cec3a98 00007ff8ab7d452b
0x0000001cf70fe3a0:   0000000000000003 00000200000b63d8
0x0000001cf70fe3b0:   000002007cec3a98 0000001cf70fe670
0x0000001cf70fe3c0:   000000135a1bd701 00000200000b63d8
0x0000001cf70fe3d0:   00000200758180c0 0000020000000005
0x0000001cf70fe3e0:   00000000000003d8 0000020070a86010
0x0000001cf70fe3f0:   0000020070a863e8 000002000072cfd3
0x0000001cf70fe400:   00000200000000b8 00000200000b63d8
0x0000001cf70fe410:   00007ff8abed9f00 0000001cf70fe670
0x0000001cf70fe420:   000002007cec3a98 0000000400000003
0x0000001cf70fe430:   00000200005432f8 0000001300000001
0x0000001cf70fe440:   0000000000000056 000000010000000c
0x0000001cf70fe450:   0000020000480090 0000000000000000
0x0000001cf70fe460:   00000200771b02dc 0000e77000000006
0x0000001cf70fe470:   0000000500000003 0000ffff0958e500
0x0000001cf70fe480:   00007ff8abd15820 000002007cec3a98
0x0000001cf70fe490:   0000020000017600 0000000670a80013
0x0000001cf70fe4a0:   0000001c00000000 0000000000000015
0x0000001cf70fe4b0:   000002007cec3a98 00007ff8ab82403e
0x0000001cf70fe4c0:   0000000000000000 0000001c00000003 

Instructions: (pc=0x00007ff8ab815a98)
0x00007ff8ab815998:   55 41 56 41 57 48 83 ec 58 80 3d 72 9c 8c 00 00
0x00007ff8ab8159a8:   49 8b f9 4d 8b e8 0f b7 da 4c 8b f1 74 16 45 8b
0x00007ff8ab8159b8:   78 08 8b 0d f8 85 8c 00 49 d3 e7 4c 03 3d e6 85
0x00007ff8ab8159c8:   8c 00 eb 04 4d 8b 78 08 49 8b d7 49 8b cd e8 d5
0x00007ff8ab8159d8:   67 cb ff 4c 8b e0 48 89 7c 24 30 33 c0 8b e8 0f
0x00007ff8ab8159e8:   b7 c3 66 c1 e8 08 66 89 84 24 a0 00 00 00 84 c0
0x00007ff8ab8159f8:   75 52 48 8b cf 83 e1 03 83 3d 45 a4 8c 00 02 75
0x00007ff8ab815a08:   09 48 83 f9 02 0f 94 c1 eb 05 f6 d1 80 e1 01 84
0x00007ff8ab815a18:   c9 75 05 48 8b ef eb 12 48 8d 54 24 40 48 8d 4c
0x00007ff8ab815a28:   24 30 e8 11 be 2f 00 48 8b 28 48 c1 ed 03 83 e5
0x00007ff8ab815a38:   0f 41 3b ae 80 01 00 00 73 0a 66 89 9c 24 a8 00
0x00007ff8ab815a48:   00 00 eb 12 66 c7 84 24 a8 00 00 00 00 01 0f b7
0x00007ff8ab815a58:   9c 24 a8 00 00 00 4d 8b 46 08 49 8b d5 66 c1 eb
0x00007ff8ab815a68:   08 41 8b 88 18 02 00 00 49 8b 80 10 02 00 00 48
0x00007ff8ab815a78:   d3 e0 8b 0d c0 57 93 00 48 2b d0 49 8b 80 f8 01
0x00007ff8ab815a88:   00 00 48 d3 ea 8b ca 48 8b 04 c8 48 89 44 24 38
0x00007ff8ab815a98:   44 8b 80 8c 00 00 00 48 0f be c3 48 6b c8 38 49
0x00007ff8ab815aa8:   8b 46 70 44 89 84 24 b0 00 00 00 48 8b 54 01 10
0x00007ff8ab815ab8:   84 db 75 04 4a 8d 14 c2 48 8b 0a 48 8b 71 30 48
0x00007ff8ab815ac8:   8b 41 38 48 2b c6 48 c1 e8 03 49 3b c4 72 74 4a
0x00007ff8ab815ad8:   8d 1c e5 00 00 00 00 48 89 9c 24 b8 00 00 00 48
0x00007ff8ab815ae8:   8d 04 33 48 89 41 30 48 85 f6 74 67 4d 8b c4 48
0x00007ff8ab815af8:   8b d6 49 8b cd e8 9e 51 cb ff 48 8b ce 48 8b c7
0x00007ff8ab815b08:   48 83 c9 03 f0 49 0f b1 4d 00 48 8b d8 0f 84 81
0x00007ff8ab815b18:   00 00 00 48 83 e3 fc 74 7b 8b 84 24 b0 00 00 00
0x00007ff8ab815b28:   4d 8b cc 0f b7 94 24 a8 00 00 00 4c 8b c6 49 8b
0x00007ff8ab815b38:   4e 70 89 44 24 20 e8 5d 53 fc ff 48 8b c3 e9 34
0x00007ff8ab815b48:   03 00 00 4a 8d 04 e5 00 00 00 00 48 89 84 24 b8
0x00007ff8ab815b58:   00 00 00 44 89 44 24 28 48 8d 94 24 a8 00 00 00
0x00007ff8ab815b68:   4d 8b c5 89 6c 24 20 4d 8b cc 49 8b ce e8 c6 fb
0x00007ff8ab815b78:   ff ff 48 8b f0 48 85 c0 0f 85 6e ff ff ff 4d 8b
0x00007ff8ab815b88:   cc 4c 8b c7 49 8b d5 49 8b ce e8 b9 06 00 00 e9 


Stack slot to memory mapping:

stack at sp + 0 slots: 0x0 is null
stack at sp + 1 slots: 0x0000000000000008 is an unknown value
stack at sp + 2 slots: 0x000000000000012f is an unknown value
stack at sp + 3 slots: 0x00007ff8abb7814f jvm.dll
stack at sp + 4 slots: 0x000000000000012f is an unknown value
stack at sp + 5 slots: 0x0000000000000013 is an unknown value
stack at sp + 6 slots: 0x0000001cf78fde70 is pointing into the stack for thread: 0x000002007e7cc010
stack at sp + 7 slots: 0x0 is null


---------------  P R O C E S S  ---------------

Threads class SMR info:
_java_thread_list=0x00000200758f0090, length=29, elements={
0x000002004f43f620, 0x00000200707a7110, 0x0000020070a760a0, 0x0000020070a79320,
0x00000200707a9a90, 0x0000020070a81e30, 0x0000020070a865e0, 0x0000020070a8ad40,
0x0000020070a9b810, 0x0000020070b6d330, 0x0000020070d1ee60, 0x0000020070d1f4e0,
0x0000020070d1ff60, 0x0000020075613f70, 0x00000200776a8070, 0x0000020070c1fed0,
0x0000020070c1f1b0, 0x0000020070c1de00, 0x0000020070c1f840, 0x0000020070c21280,
0x0000020070c1e490, 0x0000020070c1eb20, 0x0000020070c23350, 0x000002007e7ce0e0,
0x000002007e7cc010, 0x000002007e7ccd30, 0x000002007e7cd3c0, 0x000002007e7ce770,
0x000002007e7cc6a0
}

Java Threads: ( => current thread )
  0x000002004f43f620 JavaThread "main"                              [_thread_blocked, id=8252, stack(0x0000001cf5400000,0x0000001cf5500000) (1024K)]
  0x00000200707a7110 JavaThread "Reference Handler"          daemon [_thread_blocked, id=7340, stack(0x0000001cf5c00000,0x0000001cf5d00000) (1024K)]
  0x0000020070a760a0 JavaThread "Finalizer"                  daemon [_thread_blocked, id=11000, stack(0x0000001cf5d00000,0x0000001cf5e00000) (1024K)]
  0x0000020070a79320 JavaThread "Signal Dispatcher"          daemon [_thread_blocked, id=7588, stack(0x0000001cf5e00000,0x0000001cf5f00000) (1024K)]
  0x00000200707a9a90 JavaThread "Attach Listener"            daemon [_thread_blocked, id=12224, stack(0x0000001cf5f00000,0x0000001cf6000000) (1024K)]
  0x0000020070a81e30 JavaThread "Service Thread"             daemon [_thread_blocked, id=4448, stack(0x0000001cf6000000,0x0000001cf6100000) (1024K)]
  0x0000020070a865e0 JavaThread "Monitor Deflation Thread"   daemon [_thread_blocked, id=2580, stack(0x0000001cf6100000,0x0000001cf6200000) (1024K)]
  0x0000020070a8ad40 JavaThread "C2 CompilerThread0"         daemon [_thread_blocked, id=1640, stack(0x0000001cf6200000,0x0000001cf6300000) (1024K)]
  0x0000020070a9b810 JavaThread "C1 CompilerThread0"         daemon [_thread_blocked, id=6200, stack(0x0000001cf6300000,0x0000001cf6400000) (1024K)]
  0x0000020070b6d330 JavaThread "Common-Cleaner"             daemon [_thread_blocked, id=9252, stack(0x0000001cf6400000,0x0000001cf6500000) (1024K)]
  0x0000020070d1ee60 JavaThread "JDWP Transport Listener: dt_socket" daemon [_thread_blocked, id=9896, stack(0x0000001cf6500000,0x0000001cf6600000) (1024K)]
  0x0000020070d1f4e0 JavaThread "JDWP Event Helper Thread"   daemon [_thread_blocked, id=12060, stack(0x0000001cf6600000,0x0000001cf6700000) (1024K)]
  0x0000020070d1ff60 JavaThread "JDWP Command Reader"        daemon [_thread_in_native, id=3380, stack(0x0000001cf6700000,0x0000001cf6800000) (1024K)]
  0x0000020075613f70 JavaThread "Notification Thread"        daemon [_thread_blocked, id=6140, stack(0x0000001cf6900000,0x0000001cf6a00000) (1024K)]
  0x00000200776a8070 JavaThread "Live Reload Server"         daemon [_thread_in_native, id=1908, stack(0x0000001cf7c00000,0x0000001cf7d00000) (1024K)]
  0x0000020070c1fed0 JavaThread "Thread-12"                         [_thread_blocked, id=2612, stack(0x0000001cf5100000,0x0000001cf5200000) (1024K)]
  0x0000020070c1f1b0 JavaThread "File Watcher"               daemon [_thread_blocked, id=12472, stack(0x0000001cf5200000,0x0000001cf5300000) (1024K)]
  0x0000020070c1de00 JavaThread "File Watcher"               daemon [_thread_blocked, id=13088, stack(0x0000001cf6800000,0x0000001cf6900000) (1024K)]
  0x0000020070c1f840 JavaThread "File Watcher"               daemon [_thread_blocked, id=7000, stack(0x0000001cf7100000,0x0000001cf7200000) (1024K)]
  0x0000020070c21280 JavaThread "File Watcher"               daemon [_thread_blocked, id=12824, stack(0x0000001cf7200000,0x0000001cf7300000) (1024K)]
  0x0000020070c1e490 JavaThread "File Watcher"               daemon [_thread_blocked, id=2500, stack(0x0000001cf7300000,0x0000001cf7400000) (1024K)]
  0x0000020070c1eb20 JavaThread "File Watcher"               daemon [_thread_blocked, id=3920, stack(0x0000001cf7500000,0x0000001cf7600000) (1024K)]
  0x0000020070c23350 JavaThread "File Watcher"               daemon [_thread_blocked, id=7236, stack(0x0000001cf7600000,0x0000001cf7700000) (1024K)]
  0x000002007e7ce0e0 JavaThread "File Watcher"               daemon [_thread_blocked, id=1672, stack(0x0000001cf7700000,0x0000001cf7800000) (1024K)]
  0x000002007e7cc010 JavaThread "restartedMain"                     [_thread_blocked, id=6756, stack(0x0000001cf7800000,0x0000001cf7900000) (1024K)]
  0x000002007e7ccd30 JavaThread "Catalina-utility-1"                [_thread_blocked, id=8784, stack(0x0000001cf7a00000,0x0000001cf7b00000) (1024K)]
  0x000002007e7cd3c0 JavaThread "Catalina-utility-2"                [_thread_blocked, id=12408, stack(0x0000001cf7b00000,0x0000001cf7c00000) (1024K)]
  0x000002007e7ce770 JavaThread "container-8"                       [_thread_blocked, id=7884, stack(0x0000001cf7d00000,0x0000001cf7e00000) (1024K)]
  0x000002007e7cc6a0 JavaThread "HikariPool-12:housekeeper"  daemon [_thread_blocked, id=5952, stack(0x0000001cf7e00000,0x0000001cf7f00000) (1024K)]
Total: 29

Other Threads:
  0x0000020070788cd0 VMThread "VM Thread"                           [id=12164, stack(0x0000001cf5b00000,0x0000001cf5c00000) (1024K)]
  0x0000020070771140 WatcherThread "VM Periodic Task Thread"        [id=9380, stack(0x0000001cf5a00000,0x0000001cf5b00000) (1024K)]
  0x0000020050e8a2f0 WorkerThread "GC Thread#0"                     [id=872, stack(0x0000001cf5500000,0x0000001cf5600000) (1024K)]
  0x00000200707881f0 WorkerThread "GC Thread#1"                     [id=5244, stack(0x0000001cf6a00000,0x0000001cf6b00000) (1024K)]
  0x0000020070788590 WorkerThread "GC Thread#2"                     [id=4660, stack(0x0000001cf6b00000,0x0000001cf6c00000) (1024K)]
  0x0000020070788930 WorkerThread "GC Thread#3"                     [id=7816, stack(0x0000001cf6c00000,0x0000001cf6d00000) (1024K)]
  0x0000020070789410 WorkerThread "GC Thread#4"                     [id=11048, stack(0x0000001cf6d00000,0x0000001cf6e00000) (1024K)]
  0x0000020070787ab0 WorkerThread "GC Thread#5"                     [id=11624, stack(0x0000001cf6e00000,0x0000001cf6f00000) (1024K)]
  0x0000020075815c80 WorkerThread "GC Thread#6"                     [id=7744, stack(0x0000001cf6f00000,0x0000001cf7000000) (1024K)]
=>0x00000200758180c0 WorkerThread "GC Thread#7"                     [id=2028, stack(0x0000001cf7000000,0x0000001cf7100000) (1024K)]
  0x0000020050e9ae60 ConcurrentGCThread "G1 Main Marker"            [id=10256, stack(0x0000001cf5600000,0x0000001cf5700000) (1024K)]
  0x0000020050e9bb80 WorkerThread "G1 Conc#0"                       [id=4468, stack(0x0000001cf5700000,0x0000001cf5800000) (1024K)]
  0x0000020075815540 WorkerThread "G1 Conc#1"                       [id=8932, stack(0x0000001cf7400000,0x0000001cf7500000) (1024K)]
  0x0000020050ede8d0 ConcurrentGCThread "G1 Refine#0"               [id=1636, stack(0x0000001cf5800000,0x0000001cf5900000) (1024K)]
  0x0000020070648080 ConcurrentGCThread "G1 Service"                [id=6464, stack(0x0000001cf5900000,0x0000001cf5a00000) (1024K)]
Total: 15

Threads with active compile tasks:
Total: 0

VM state: at safepoint (normal execution)

VM Mutex/Monitor currently owned by a thread:  ([mutex/lock_event])
[0x00007ff8ac163198] Threads_lock - owner thread: 0x0000020070788cd0
[0x00007ff8ac163298] Heap_lock - owner thread: 0x0000020070c1f840

Heap address: 0x0000000703800000, size: 4040 MB, Compressed Oops mode: Zero based, Oop shift amount: 3

CDS archive(s) mapped at: [0x0000020000000000-0x0000020000c90000-0x0000020000c90000), size 13172736, SharedBaseAddress: 0x0000020000000000, ArchiveRelocationMode: 1.
Compressed class space mapped at: 0x0000020001000000-0x0000020041000000, reserved size: 1073741824
Narrow klass base: 0x0000020000000000, Narrow klass shift: 0, Narrow klass range: 0x100000000

GC Precious Log:
 CardTable entry size: 512
 Card Set container configuration: InlinePtr #cards 4 size 8 Array Of Cards #cards 16 size 48 Howl #buckets 8 coarsen threshold 3686 Howl Bitmap #cards 512 size 80 coarsen threshold 460 Card regions per heap region 1 cards per card region 4096
 CPUs: 8 total, 8 available
 Memory: 16153M
 Large Page Support: Disabled
 NUMA Support: Disabled
 Compressed Oops: Enabled (Zero based)
 Heap Region Size: 2M
 Heap Min Capacity: 8M
 Heap Initial Capacity: 254M
 Heap Max Capacity: 4040M
 Pre-touch: Disabled
 Parallel Workers: 8
 Concurrent Workers: 2
 Concurrent Refinement Workers: 8
 Periodic GC: Disabled

Heap:
 garbage-first heap   total 83968K, used 71266K [0x0000000703800000, 0x0000000800000000)
  region size 2048K, 22 young (45056K), 3 survivors (6144K)
 Metaspace       used 81513K, committed 82368K, reserved 1179648K
  class space    used 10354K, committed 10752K, reserved 1048576K

Heap Regions: E=young(eden), S=young(survivor), O=old, HS=humongous(starts), HC=humongous(continues), CS=collection set, F=free, TAMS=top-at-mark-start, PB=parsable bottom
|   0|0x0000000703800000, 0x0000000703a00000, 0x0000000703a00000|100%| O|  |TAMS 0x0000000703800000| PB 0x0000000703800000| Untracked 
|   1|0x0000000703a00000, 0x0000000703bffff8, 0x0000000703c00000| 99%| O|  |TAMS 0x0000000703a00000| PB 0x0000000703a00000| Untracked 
|   2|0x0000000703c00000, 0x0000000703dfffe8, 0x0000000703e00000| 99%| O|  |TAMS 0x0000000703c00000| PB 0x0000000703c00000| Untracked 
|   3|0x0000000703e00000, 0x0000000704000000, 0x0000000704000000|100%| O|  |TAMS 0x0000000703e00000| PB 0x0000000703e00000| Untracked 
|   4|0x0000000704000000, 0x00000007041fffe8, 0x0000000704200000| 99%| O|  |TAMS 0x0000000704000000| PB 0x0000000704000000| Untracked 
|   5|0x0000000704200000, 0x00000007043ffff0, 0x0000000704400000| 99%| O|  |TAMS 0x0000000704200000| PB 0x0000000704200000| Untracked 
|   6|0x0000000704400000, 0x00000007045fffe8, 0x0000000704600000| 99%| O|  |TAMS 0x0000000704400000| PB 0x0000000704400000| Untracked 
|   7|0x0000000704600000, 0x00000007047fffe0, 0x0000000704800000| 99%| O|  |TAMS 0x0000000704600000| PB 0x0000000704600000| Untracked 
|   8|0x0000000704800000, 0x00000007049fffc0, 0x0000000704a00000| 99%| O|  |TAMS 0x0000000704800000| PB 0x0000000704800000| Untracked 
|   9|0x0000000704a00000, 0x0000000704c00000, 0x0000000704c00000|100%| O|  |TAMS 0x0000000704a00000| PB 0x0000000704a00000| Untracked 
|  10|0x0000000704c00000, 0x0000000704dfffe0, 0x0000000704e00000| 99%| O|  |TAMS 0x0000000704c00000| PB 0x0000000704c00000| Untracked 
|  11|0x0000000704e00000, 0x0000000704ffffe8, 0x0000000705000000| 99%| O|  |TAMS 0x0000000704e00000| PB 0x0000000704e00000| Untracked 
|  12|0x0000000705000000, 0x0000000705195618, 0x0000000705200000| 79%| O|  |TAMS 0x0000000705000000| PB 0x0000000705000000| Untracked 
|  13|0x0000000705200000, 0x0000000705200000, 0x0000000705400000|  0%| F|  |TAMS 0x0000000705200000| PB 0x0000000705200000| Untracked 
|  14|0x0000000705400000, 0x0000000705400000, 0x0000000705600000|  0%| F|  |TAMS 0x0000000705400000| PB 0x0000000705400000| Untracked 
|  15|0x0000000705600000, 0x00000007057190b8, 0x0000000705800000| 54%| S|  |TAMS 0x0000000705600000| PB 0x0000000705600000| Complete 
|  16|0x0000000705800000, 0x0000000705a00000, 0x0000000705a00000|100%| O|CS|TAMS 0x0000000705800000| PB 0x0000000705800000| Complete 
|  17|0x0000000705a00000, 0x0000000705c00000, 0x0000000705c00000|100%| S|  |TAMS 0x0000000705a00000| PB 0x0000000705a00000| Complete 
|  18|0x0000000705c00000, 0x0000000705d2dc70, 0x0000000705e00000| 58%| O|  |TAMS 0x0000000705c00000| PB 0x0000000705c00000| Untracked 
|  19|0x0000000705e00000, 0x0000000706000000, 0x0000000706000000|100%| S|  |TAMS 0x0000000705e00000| PB 0x0000000705e00000| Complete 
|  20|0x0000000706000000, 0x0000000706200000, 0x0000000706200000|100%| E|CS|TAMS 0x0000000706000000| PB 0x0000000706000000| Complete 
|  21|0x0000000706200000, 0x0000000706400000, 0x0000000706400000|100%| E|CS|TAMS 0x0000000706200000| PB 0x0000000706200000| Complete 
|  22|0x0000000706400000, 0x000000070652f920, 0x0000000706600000| 59%| E|CS|TAMS 0x0000000706400000| PB 0x0000000706400000| Complete 
|  23|0x0000000706600000, 0x0000000706800000, 0x0000000706800000|100%| E|CS|TAMS 0x0000000706600000| PB 0x0000000706600000| Complete 
|  24|0x0000000706800000, 0x0000000706a00000, 0x0000000706a00000|100%| E|CS|TAMS 0x0000000706800000| PB 0x0000000706800000| Complete 
|  25|0x0000000706a00000, 0x0000000706c00000, 0x0000000706c00000|100%| E|CS|TAMS 0x0000000706a00000| PB 0x0000000706a00000| Complete 
|  26|0x0000000706c00000, 0x0000000706e00000, 0x0000000706e00000|100%| E|CS|TAMS 0x0000000706c00000| PB 0x0000000706c00000| Complete 
|  27|0x0000000706e00000, 0x0000000707000000, 0x0000000707000000|100%| E|CS|TAMS 0x0000000706e00000| PB 0x0000000706e00000| Complete 
|  28|0x0000000707000000, 0x0000000707200000, 0x0000000707200000|100%| E|CS|TAMS 0x0000000707000000| PB 0x0000000707000000| Complete 
|  29|0x0000000707200000, 0x0000000707400000, 0x0000000707400000|100%| E|CS|TAMS 0x0000000707200000| PB 0x0000000707200000| Complete 
|  30|0x0000000707400000, 0x0000000707600000, 0x0000000707600000|100%| E|CS|TAMS 0x0000000707400000| PB 0x0000000707400000| Complete 
|  31|0x0000000707600000, 0x0000000707800000, 0x0000000707800000|100%| E|CS|TAMS 0x0000000707600000| PB 0x0000000707600000| Complete 
|  32|0x0000000707800000, 0x0000000707a00000, 0x0000000707a00000|100%| E|CS|TAMS 0x0000000707800000| PB 0x0000000707800000| Complete 
|  33|0x0000000707a00000, 0x0000000707c00000, 0x0000000707c00000|100%| E|CS|TAMS 0x0000000707a00000| PB 0x0000000707a00000| Complete 
|  34|0x0000000707c00000, 0x0000000707e00000, 0x0000000707e00000|100%| E|CS|TAMS 0x0000000707c00000| PB 0x0000000707c00000| Complete 
|  35|0x0000000707e00000, 0x0000000708000000, 0x0000000708000000|100%| E|CS|TAMS 0x0000000707e00000| PB 0x0000000707e00000| Complete 
|  58|0x000000070ac00000, 0x000000070ae00000, 0x000000070ae00000|100%| E|CS|TAMS 0x000000070ac00000| PB 0x000000070ac00000| Complete 
|  59|0x000000070ae00000, 0x000000070b000000, 0x000000070b000000|100%| E|CS|TAMS 0x000000070ae00000| PB 0x000000070ae00000| Complete 
|  60|0x000000070b000000, 0x000000070b200000, 0x000000070b200000|100%| E|CS|TAMS 0x000000070b000000| PB 0x000000070b000000| Complete 
|  61|0x000000070b200000, 0x000000070b400000, 0x000000070b400000|100%| E|CS|TAMS 0x000000070b200000| PB 0x000000070b200000| Complete 
| 126|0x0000000713400000, 0x0000000713600000, 0x0000000713600000|100%| E|CS|TAMS 0x0000000713400000| PB 0x0000000713400000| Complete 

Card table byte_map: [0x00000200697b0000,0x0000020069fa0000] _byte_map_base: 0x0000020065f94000

Marking Bits: (CMBitMap*) 0x0000020050e8a900
 Bits: [0x0000020069fa0000, 0x000002006dec0000)

Polling page: 0x0000020050ee0000

Metaspace:

Usage:
  Non-class:     69.49 MB used.
      Class:     10.11 MB used.
       Both:     79.60 MB used.

Virtual space:
  Non-class space:      128.00 MB reserved,      69.94 MB ( 55%) committed,  2 nodes.
      Class space:        1.00 GB reserved,      10.50 MB (  1%) committed,  1 nodes.
             Both:        1.12 GB reserved,      80.44 MB (  7%) committed. 

Chunk freelists:
   Non-Class:  9.88 MB
       Class:  5.34 MB
        Both:  15.22 MB

MaxMetaspaceSize: unlimited
CompressedClassSpaceSize: 1.00 GB
Initial GC threshold: 21.00 MB
Current GC threshold: 133.44 MB
CDS: on
 - commit_granule_bytes: 65536.
 - commit_granule_words: 8192.
 - virtual_space_node_default_size: 8388608.
 - enlarge_chunks_in_place: 1.
 - use_allocation_guard: 0.


Internal statistics:

num_allocs_failed_limit: 9.
num_arena_births: 1104.
num_arena_deaths: 12.
num_vsnodes_births: 3.
num_vsnodes_deaths: 0.
num_space_committed: 1287.
num_space_uncommitted: 0.
num_chunks_returned_to_freelist: 22.
num_chunks_taken_from_freelist: 4197.
num_chunk_merges: 9.
num_chunk_splits: 2973.
num_chunks_enlarged: 2285.
num_inconsistent_stats: 0.

CodeHeap 'non-profiled nmethods': size=120000Kb used=7529Kb max_used=7529Kb free=112470Kb
 bounds [0x0000020061030000, 0x0000020061790000, 0x0000020068560000]
CodeHeap 'profiled nmethods': size=120000Kb used=13671Kb max_used=16350Kb free=106328Kb
 bounds [0x0000020059560000, 0x000002005a560000, 0x0000020060a90000]
CodeHeap 'non-nmethods': size=5760Kb used=1807Kb max_used=1913Kb free=3953Kb
 bounds [0x0000020060a90000, 0x0000020060d00000, 0x0000020061030000]
 total_blobs=7670 nmethods=6908 adapters=665
 compilation: enabled
              stopped_count=0, restarted_count=0
 full_count=0

Compilation events (20 events):
Event: 1289.345 Thread 0x0000020070a9b810 nmethod 12680 0x0000020059ac0d10 code [0x0000020059ac0ec0, 0x0000020059ac1098]
Event: 1289.346 Thread 0x0000020079f89010 nmethod 12677 0x0000020061292210 code [0x00000200612923c0, 0x0000020061292778]
Event: 1289.375 Thread 0x0000020070a9b810 12681       3       org.h2.mvstore.tx.Transaction::releaseSnapshot (40 bytes)
Event: 1289.375 Thread 0x0000020070a9b810 nmethod 12681 0x0000020059e76390 code [0x0000020059e76560, 0x0000020059e76850]
Event: 1289.375 Thread 0x0000020070a9b810 12682       1       org.h2.command.dml.Call::isTransactional (2 bytes)
Event: 1289.376 Thread 0x0000020070a9b810 nmethod 12682 0x0000020061291f10 code [0x00000200612920a0, 0x0000020061292168]
Event: 1289.439 Thread 0x0000020070a9b810 12683   !   3       org.h2.engine.SessionLocal::prepareLocal (171 bytes)
Event: 1289.443 Thread 0x0000020070a9b810 nmethod 12683 0x000002005a087610 code [0x000002005a0879a0, 0x000002005a088f88]
Event: 1289.443 Thread 0x0000020070a9b810 12684       3       org.h2.command.ParserBase::readIf (71 bytes)
Event: 1289.446 Thread 0x0000020070a9b810 nmethod 12684 0x0000020059ea8390 code [0x0000020059ea8660, 0x0000020059ea96b0]
Event: 1289.446 Thread 0x0000020070a9b810 12685       3       org.h2.expression.Operation0::optimize (2 bytes)
Event: 1289.446 Thread 0x0000020070a9b810 nmethod 12685 0x000002005a069890 code [0x000002005a069a20, 0x000002005a069b30]
Event: 1329.037 Thread 0x0000020070a9b810 12686  s!   3       org.apache.catalina.core.ContainerBase::backgroundProcess (172 bytes)
Event: 1329.041 Thread 0x0000020070a9b810 nmethod 12686 0x0000020059678b90 code [0x0000020059678ee0, 0x000002005967a808]
Event: 1334.025 Thread 0x0000020070a8ad40 12687       4       java.util.LinkedHashMap$LinkedKeySet::contains (9 bytes)
Event: 1334.039 Thread 0x0000020070a8ad40 nmethod 12687 0x000002006178a210 code [0x000002006178a3c0, 0x000002006178a868]
Event: 1339.045 Thread 0x0000020070a9b810 12688   !   3       org.apache.catalina.core.ContainerBase$ContainerBackgroundProcessor::processChildren (202 bytes)
Event: 1339.047 Thread 0x0000020070a9b810 nmethod 12688 0x0000020059c34310 code [0x0000020059c34720, 0x0000020059c36dd0]
Event: 1360.704 Thread 0x0000020070a9b810 12689       3       org.springframework.boot.devtools.filewatch.DirectorySnapshot::getChangedFiles (256 bytes)
Event: 1360.710 Thread 0x0000020070a9b810 nmethod 12689 0x0000020059fb2d10 code [0x0000020059fb3280, 0x0000020059fb61b0]

GC Heap History (20 events):
Event: 1082.737 GC heap after
{Heap after GC invocations=41 (full 3):
 garbage-first heap   total 69632K, used 38426K [0x0000000703800000, 0x0000000800000000)
  region size 2048K, 2 young (4096K), 2 survivors (4096K)
 Metaspace       used 80240K, committed 81024K, reserved 1179648K
  class space    used 10287K, committed 10624K, reserved 1048576K
}
Event: 1122.918 GC heap before
{Heap before GC invocations=41 (full 3):
 garbage-first heap   total 69632K, used 56858K [0x0000000703800000, 0x0000000800000000)
  region size 2048K, 11 young (22528K), 2 survivors (4096K)
 Metaspace       used 80398K, committed 81216K, reserved 1179648K
  class space    used 10293K, committed 10688K, reserved 1048576K
}
Event: 1122.926 GC heap after
{Heap after GC invocations=42 (full 3):
 garbage-first heap   total 69632K, used 36192K [0x0000000703800000, 0x0000000800000000)
  region size 2048K, 1 young (2048K), 1 survivors (2048K)
 Metaspace       used 80398K, committed 81216K, reserved 1179648K
  class space    used 10293K, committed 10688K, reserved 1048576K
}
Event: 1230.788 GC heap before
{Heap before GC invocations=42 (full 3):
 garbage-first heap   total 69632K, used 60768K [0x0000000703800000, 0x0000000800000000)
  region size 2048K, 13 young (26624K), 1 survivors (2048K)
 Metaspace       used 80416K, committed 81280K, reserved 1179648K
  class space    used 10295K, committed 10688K, reserved 1048576K
}
Event: 1230.791 GC heap after
{Heap after GC invocations=43 (full 3):
 garbage-first heap   total 69632K, used 38026K [0x0000000703800000, 0x0000000800000000)
  region size 2048K, 2 young (4096K), 2 survivors (4096K)
 Metaspace       used 80416K, committed 81280K, reserved 1179648K
  class space    used 10295K, committed 10688K, reserved 1048576K
}
Event: 1231.205 GC heap before
{Heap before GC invocations=44 (full 3):
 garbage-first heap   total 69632K, used 58506K [0x0000000703800000, 0x0000000800000000)
  region size 2048K, 12 young (24576K), 2 survivors (4096K)
 Metaspace       used 80457K, committed 81344K, reserved 1179648K
  class space    used 10296K, committed 10688K, reserved 1048576K
}
Event: 1231.208 GC heap after
{Heap after GC invocations=45 (full 3):
 garbage-first heap   total 69632K, used 39358K [0x0000000703800000, 0x0000000800000000)
  region size 2048K, 2 young (4096K), 2 survivors (4096K)
 Metaspace       used 80457K, committed 81344K, reserved 1179648K
  class space    used 10296K, committed 10688K, reserved 1048576K
}
Event: 1246.226 GC heap before
{Heap before GC invocations=45 (full 3):
 garbage-first heap   total 69632K, used 57790K [0x0000000703800000, 0x0000000800000000)
  region size 2048K, 11 young (22528K), 2 survivors (4096K)
 Metaspace       used 80648K, committed 81536K, reserved 1179648K
  class space    used 10302K, committed 10688K, reserved 1048576K
}
Event: 1246.228 GC heap after
{Heap after GC invocations=46 (full 3):
 garbage-first heap   total 69632K, used 34368K [0x0000000703800000, 0x0000000800000000)
  region size 2048K, 1 young (2048K), 1 survivors (2048K)
 Metaspace       used 80648K, committed 81536K, reserved 1179648K
  class space    used 10302K, committed 10688K, reserved 1048576K
}
Event: 1246.782 GC heap before
{Heap before GC invocations=46 (full 3):
 garbage-first heap   total 69632K, used 58944K [0x0000000703800000, 0x0000000800000000)
  region size 2048K, 13 young (26624K), 1 survivors (2048K)
 Metaspace       used 80693K, committed 81536K, reserved 1179648K
  class space    used 10306K, committed 10688K, reserved 1048576K
}
Event: 1246.785 GC heap after
{Heap after GC invocations=47 (full 3):
 garbage-first heap   total 69632K, used 35856K [0x0000000703800000, 0x0000000800000000)
  region size 2048K, 2 young (4096K), 2 survivors (4096K)
 Metaspace       used 80693K, committed 81536K, reserved 1179648K
  class space    used 10306K, committed 10688K, reserved 1048576K
}
Event: 1266.632 GC heap before
{Heap before GC invocations=48 (full 3):
 garbage-first heap   total 69632K, used 56336K [0x0000000703800000, 0x0000000800000000)
  region size 2048K, 12 young (24576K), 2 survivors (4096K)
 Metaspace       used 80863K, committed 81728K, reserved 1179648K
  class space    used 10314K, committed 10688K, reserved 1048576K
}
Event: 1266.634 GC heap after
{Heap after GC invocations=49 (full 3):
 garbage-first heap   total 83968K, used 33931K [0x0000000703800000, 0x0000000800000000)
  region size 2048K, 1 young (2048K), 1 survivors (2048K)
 Metaspace       used 80863K, committed 81728K, reserved 1179648K
  class space    used 10314K, committed 10688K, reserved 1048576K
}
Event: 1273.779 GC heap before
{Heap before GC invocations=49 (full 3):
 garbage-first heap   total 83968K, used 70795K [0x0000000703800000, 0x0000000800000000)
  region size 2048K, 20 young (40960K), 1 survivors (2048K)
 Metaspace       used 81036K, committed 81856K, reserved 1179648K
  class space    used 10326K, committed 10688K, reserved 1048576K
}
Event: 1273.781 GC heap after
{Heap after GC invocations=50 (full 3):
 garbage-first heap   total 83968K, used 31577K [0x0000000703800000, 0x0000000800000000)
  region size 2048K, 2 young (4096K), 2 survivors (4096K)
 Metaspace       used 81036K, committed 81856K, reserved 1179648K
  class space    used 10326K, committed 10688K, reserved 1048576K
}
Event: 1286.368 GC heap before
{Heap before GC invocations=50 (full 3):
 garbage-first heap   total 83968K, used 68441K [0x0000000703800000, 0x0000000800000000)
  region size 2048K, 21 young (43008K), 2 survivors (4096K)
 Metaspace       used 81107K, committed 81984K, reserved 1179648K
  class space    used 10331K, committed 10688K, reserved 1048576K
}
Event: 1286.371 GC heap after
{Heap after GC invocations=51 (full 3):
 garbage-first heap   total 83968K, used 33386K [0x0000000703800000, 0x0000000800000000)
  region size 2048K, 3 young (6144K), 3 survivors (6144K)
 Metaspace       used 81107K, committed 81984K, reserved 1179648K
  class space    used 10331K, committed 10688K, reserved 1048576K
}
Event: 1288.985 GC heap before
{Heap before GC invocations=52 (full 3):
 garbage-first heap   total 83968K, used 68202K [0x0000000703800000, 0x0000000800000000)
  region size 2048K, 20 young (40960K), 3 survivors (6144K)
 Metaspace       used 81263K, committed 82176K, reserved 1179648K
  class space    used 10343K, committed 10752K, reserved 1048576K
}
Event: 1288.987 GC heap after
{Heap after GC invocations=53 (full 3):
 garbage-first heap   total 83968K, used 32354K [0x0000000703800000, 0x0000000800000000)
  region size 2048K, 2 young (4096K), 2 survivors (4096K)
 Metaspace       used 81263K, committed 82176K, reserved 1179648K
  class space    used 10343K, committed 10752K, reserved 1048576K
}
Event: 1367.921 GC heap before
{Heap before GC invocations=53 (full 3):
 garbage-first heap   total 83968K, used 71266K [0x0000000703800000, 0x0000000800000000)
  region size 2048K, 21 young (43008K), 2 survivors (4096K)
 Metaspace       used 81513K, committed 82368K, reserved 1179648K
  class space    used 10354K, committed 10752K, reserved 1048576K
}

Dll operation events (13 events):
Event: 0.029 Loaded shared library C:\pleiades\2023-12\java\21\bin\java.dll
Event: 0.053 Loaded shared library C:\pleiades\2023-12\java\21\bin\jsvml.dll
Event: 0.452 Loaded shared library C:\pleiades\2023-12\java\21\bin\zip.dll
Event: 0.475 Loaded shared library C:\pleiades\2023-12\java\21\bin\instrument.dll
Event: 0.488 Loaded shared library C:\pleiades\2023-12\java\21\bin\net.dll
Event: 0.490 Loaded shared library C:\pleiades\2023-12\java\21\bin\nio.dll
Event: 0.496 Loaded shared library C:\pleiades\2023-12\java\21\bin\zip.dll
Event: 0.641 Loaded shared library C:\pleiades\2023-12\java\21\bin\jimage.dll
Event: 0.690 Loaded shared library C:\pleiades\2023-12\java\21\bin\verify.dll
Event: 1.129 Loaded shared library C:\pleiades\2023-12\java\21\bin\management.dll
Event: 1.131 Loaded shared library C:\pleiades\2023-12\java\21\bin\management_ext.dll
Event: 2.600 Loaded shared library C:\pleiades\2023-12\java\21\bin\sunmscapi.dll
Event: 9.811 Loaded shared library C:\pleiades\2023-12\java\21\bin\extnet.dll

Deoptimization events (20 events):
Event: 1289.231 Thread 0x000002007e7cc010 Uncommon trap: trap_request=0xffffff97 fr.pc=0x00000200616c40cc relative=0x00000000000030cc
Event: 1289.231 Thread 0x000002007e7cc010 Uncommon trap: reason=unhandled action=none pc=0x00000200616c40cc method=java.net.URLClassLoader.findClass(Ljava/lang/String;)Ljava/lang/Class; @ 44 c2
Event: 1289.231 Thread 0x000002007e7cc010 DEOPT PACKING pc=0x00000200616c40cc sp=0x0000001cf78fa2c0
Event: 1289.231 Thread 0x000002007e7cc010 DEOPT UNPACKING pc=0x0000020060ae46a2 sp=0x0000001cf78fa1f0 mode 2
Event: 1289.233 Thread 0x000002007e7cc010 DEOPT PACKING pc=0x0000020059b00641 sp=0x0000001cf78fb170
Event: 1289.233 Thread 0x000002007e7cc010 DEOPT UNPACKING pc=0x0000020060ae4e42 sp=0x0000001cf78fa648 mode 1
Event: 1289.233 Thread 0x000002007e7cc010 DEOPT PACKING pc=0x0000020059afef64 sp=0x0000001cf78fb200
Event: 1289.233 Thread 0x000002007e7cc010 DEOPT UNPACKING pc=0x0000020060ae4e42 sp=0x0000001cf78fa7c0 mode 1
Event: 1289.234 Thread 0x000002007e7cc010 Uncommon trap: trap_request=0xffffff97 fr.pc=0x00000200616c40cc relative=0x00000000000030cc
Event: 1289.234 Thread 0x000002007e7cc010 Uncommon trap: reason=unhandled action=none pc=0x00000200616c40cc method=java.net.URLClassLoader.findClass(Ljava/lang/String;)Ljava/lang/Class; @ 44 c2
Event: 1289.234 Thread 0x000002007e7cc010 DEOPT PACKING pc=0x00000200616c40cc sp=0x0000001cf78fa490
Event: 1289.234 Thread 0x000002007e7cc010 DEOPT UNPACKING pc=0x0000020060ae46a2 sp=0x0000001cf78fa3c0 mode 2
Event: 1289.235 Thread 0x000002007e7cc010 Uncommon trap: trap_request=0xffffff97 fr.pc=0x00000200616c40cc relative=0x00000000000030cc
Event: 1289.235 Thread 0x000002007e7cc010 Uncommon trap: reason=unhandled action=none pc=0x00000200616c40cc method=java.net.URLClassLoader.findClass(Ljava/lang/String;)Ljava/lang/Class; @ 44 c2
Event: 1289.235 Thread 0x000002007e7cc010 DEOPT PACKING pc=0x00000200616c40cc sp=0x0000001cf78fa490
Event: 1289.235 Thread 0x000002007e7cc010 DEOPT UNPACKING pc=0x0000020060ae46a2 sp=0x0000001cf78fa3c0 mode 2
Event: 1289.241 Thread 0x000002007e7cc010 DEOPT PACKING pc=0x0000020061581a10 sp=0x0000001cf78faef0
Event: 1289.241 Thread 0x000002007e7cc010 DEOPT UNPACKING pc=0x0000020060ae4e42 sp=0x0000001cf78fa2c0 mode 1
Event: 1359.489 Thread 0x000002007e7cc010 DEOPT PACKING pc=0x000002006156830c sp=0x0000001cf78fdea0
Event: 1359.489 Thread 0x000002007e7cc010 DEOPT UNPACKING pc=0x0000020060ae4e42 sp=0x0000001cf78fd318 mode 0

Classes loaded (20 events):
Event: 912.744 Loading class sun/net/spi/DefaultProxySelector
Event: 912.744 Loading class sun/net/spi/DefaultProxySelector done
Event: 912.744 Loading class java/net/Proxy
Event: 912.745 Loading class java/net/Proxy done
Event: 912.745 Loading class java/net/Proxy$Type
Event: 912.745 Loading class java/net/Proxy$Type done
Event: 912.745 Loading class sun/net/spi/DefaultProxySelector$1
Event: 912.745 Loading class sun/net/spi/DefaultProxySelector$1 done
Event: 912.745 Loading class sun/net/spi/DefaultProxySelector$NonProxyInfo
Event: 912.745 Loading class sun/net/spi/DefaultProxySelector$NonProxyInfo done
Event: 912.745 Loading class sun/net/spi/DefaultProxySelector$3
Event: 912.745 Loading class sun/net/spi/DefaultProxySelector$3 done
Event: 912.841 Loading class java/lang/ref/Finalizer$2
Event: 912.841 Loading class java/lang/ref/Finalizer$2 done
Event: 912.841 Loading class java/lang/ref/Finalizer$1
Event: 912.841 Loading class java/lang/ref/Finalizer$1 done
Event: 1017.129 Loading class jdk/internal/loader/BootLoader$PackageHelper
Event: 1017.130 Loading class jdk/internal/loader/BootLoader$PackageHelper done
Event: 1017.130 Loading class java/security/AllPermissionCollection
Event: 1017.130 Loading class java/security/AllPermissionCollection done

Classes unloaded (6 events):
Event: 1015.921 Thread 0x0000020070788cd0 Unloading class 0x0000020001a6a800 'org/apache/catalina/loader/JdbcLeakPrevention'
Event: 1082.243 Thread 0x0000020070788cd0 Unloading class 0x0000020001a7b000 'org/apache/catalina/loader/JdbcLeakPrevention'
Event: 1230.812 Thread 0x0000020070788cd0 Unloading class 0x0000020001a8ac00 'org/apache/catalina/loader/JdbcLeakPrevention'
Event: 1230.812 Thread 0x0000020070788cd0 Unloading class 0x0000020001a87000 'org/apache/catalina/loader/JdbcLeakPrevention'
Event: 1246.806 Thread 0x0000020070788cd0 Unloading class 0x0000020001a90000 'org/apache/catalina/loader/JdbcLeakPrevention'
Event: 1286.393 Thread 0x0000020070788cd0 Unloading class 0x0000020001a8ac00 'org/apache/catalina/loader/JdbcLeakPrevention'

Classes redefined (0 events):
No events

Internal exceptions (20 events):
Event: 1286.232 Thread 0x0000020070c21910 Exception <a 'java/lang/NoClassDefFoundError'{0x0000000706e3d8f8}: org/springframework/session/jdbc/JdbcIndexedSessionRepository> (0x0000000706e3d8f8) 
thrown [s\src\hotspot\share\oops\constantPool.cpp, line 871]
Event: 1286.272 Thread 0x0000020070c21910 Exception <a 'java/io/FileNotFoundException'{0x0000000706b84600}> (0x0000000706b84600) 
thrown [s\src\hotspot\share\prims\jni.cpp, line 520]
Event: 1286.280 Thread 0x0000020070c21910 Exception <a 'java/io/FileNotFoundException'{0x00000007068984e8}> (0x00000007068984e8) 
thrown [s\src\hotspot\share\prims\jni.cpp, line 520]
Event: 1286.292 Thread 0x0000020070c21910 Exception <a 'java/io/FileNotFoundException'{0x000000070699e6d8}> (0x000000070699e6d8) 
thrown [s\src\hotspot\share\prims\jni.cpp, line 520]
Event: 1286.335 Thread 0x0000020070c21910 Implicit null exception at 0x000002006174ad75 to 0x000002006174b4b8
Event: 1286.374 Thread 0x0000020070c21910 Implicit null exception at 0x000002006176def5 to 0x000002006176e638
Event: 1286.484 Thread 0x0000020070c21910 Exception <a 'java/lang/NoClassDefFoundError'{0x000000070b164130}: MemberService> (0x000000070b164130) 
thrown [s\src\hotspot\share\classfile\systemDictionary.cpp, line 301]
Event: 1286.521 Thread 0x0000020070c25420 Exception <a 'java/lang/InterruptedException'{0x000000070b1bb0a0}: sleep interrupted> (0x000000070b1bb0a0) 
thrown [s\src\hotspot\share\prims\jvm.cpp, line 3074]
Event: 1286.537 Thread 0x0000020070c21910 Exception <a 'java/lang/NoClassDefFoundError'{0x000000070b1f3788}: jakarta/validation/ValidationException> (0x000000070b1f3788) 
thrown [s\src\hotspot\share\classfile\systemDictionary.cpp, line 301]
Event: 1286.538 Thread 0x0000020070c21910 Exception <a 'java/lang/NoClassDefFoundError'{0x000000070b1f57b0}: liquibase/exception/ChangeLogParseException> (0x000000070b1f57b0) 
thrown [s\src\hotspot\share\classfile\systemDictionary.cpp, line 301]
Event: 1288.164 Thread 0x000002007e7cc010 Exception <a 'sun/nio/fs/WindowsException'{0x000000070af5a090}> (0x000000070af5a090) 
thrown [s\src\hotspot\share\prims\jni.cpp, line 520]
Event: 1288.944 Thread 0x000002007e7cc010 Exception <a 'java/lang/NoClassDefFoundError'{0x0000000706a45fc0}: org/flywaydb/core/Flyway> (0x0000000706a45fc0) 
thrown [s\src\hotspot\share\oops\constantPool.cpp, line 871]
Event: 1288.945 Thread 0x000002007e7cc010 Exception <a 'java/lang/NoClassDefFoundError'{0x0000000706a46620}: liquibase/integration/spring/SpringLiquibase> (0x0000000706a46620) 
thrown [s\src\hotspot\share\oops\constantPool.cpp, line 871]
Event: 1288.952 Thread 0x000002007e7cc010 Exception <a 'java/lang/NoClassDefFoundError'{0x0000000706a75468}: org/jooq/DSLContext> (0x0000000706a75468) 
thrown [s\src\hotspot\share\oops\constantPool.cpp, line 871]
Event: 1288.954 Thread 0x000002007e7cc010 Exception <a 'java/lang/NoClassDefFoundError'{0x0000000706aab150}: org/springframework/batch/core/repository/JobRepository> (0x0000000706aab150) 
thrown [s\src\hotspot\share\oops\constantPool.cpp, line 871]
Event: 1288.955 Thread 0x000002007e7cc010 Exception <a 'java/lang/NoClassDefFoundError'{0x0000000706aab7a8}: org/quartz/Scheduler> (0x0000000706aab7a8) 
thrown [s\src\hotspot\share\oops\constantPool.cpp, line 871]
Event: 1288.956 Thread 0x000002007e7cc010 Exception <a 'java/lang/NoClassDefFoundError'{0x0000000706aabe28}: org/springframework/session/jdbc/JdbcIndexedSessionRepository> (0x0000000706aabe28) 
thrown [s\src\hotspot\share\oops\constantPool.cpp, line 871]
Event: 1288.995 Thread 0x000002007e7cc010 Exception <a 'java/io/FileNotFoundException'{0x00000007135faa68}> (0x00000007135faa68) 
thrown [s\src\hotspot\share\prims\jni.cpp, line 520]
Event: 1289.002 Thread 0x000002007e7cc010 Exception <a 'java/io/FileNotFoundException'{0x000000070b30f328}> (0x000000070b30f328) 
thrown [s\src\hotspot\share\prims\jni.cpp, line 520]
Event: 1289.014 Thread 0x000002007e7cc010 Exception <a 'java/io/FileNotFoundException'{0x000000070b012bd0}> (0x000000070b012bd0) 
thrown [s\src\hotspot\share\prims\jni.cpp, line 520]

ZGC Phase Switch (0 events):
No events

VM Operations (20 events):
Event: 1287.424 Executing VM operation: Cleanup done
Event: 1288.435 Executing VM operation: Cleanup
Event: 1288.435 Executing VM operation: Cleanup done
Event: 1288.985 Executing VM operation: G1CollectForAllocation (G1 Evacuation Pause)
Event: 1288.987 Executing VM operation: G1CollectForAllocation (G1 Evacuation Pause) done
Event: 1289.260 Executing VM operation: DeoptimizeFrame
Event: 1289.260 Executing VM operation: DeoptimizeFrame done
Event: 1290.264 Executing VM operation: Cleanup
Event: 1290.264 Executing VM operation: Cleanup done
Event: 1323.751 Executing VM operation: HandshakeAllThreads (HandshakeForDeflation)
Event: 1323.751 Executing VM operation: HandshakeAllThreads (HandshakeForDeflation) done
Event: 1323.751 Executing VM operation: RendezvousGCThreads
Event: 1323.751 Executing VM operation: RendezvousGCThreads done
Event: 1349.960 Executing VM operation: Cleanup
Event: 1349.960 Executing VM operation: Cleanup done
Event: 1359.489 Executing VM operation: ChangeSingleStep
Event: 1359.489 Executing VM operation: ChangeSingleStep done
Event: 1359.490 Executing VM operation: ChangeSingleStep
Event: 1359.490 Executing VM operation: ChangeSingleStep done
Event: 1367.921 Executing VM operation: G1CollectForAllocation (G1 Evacuation Pause)

Events (20 events):
Event: 1286.514 Thread 0x000002007e7cee00 Thread exited: 0x000002007e7cee00
Event: 1286.521 Thread 0x0000020070c25420 Thread exited: 0x0000020070c25420
Event: 1286.521 Thread 0x0000020070c22cc0 Thread exited: 0x0000020070c22cc0
Event: 1286.521 Thread 0x0000020070c239e0 Thread exited: 0x0000020070c239e0
Event: 1286.555 Thread 0x0000020070c21910 Thread exited: 0x0000020070c21910
Event: 1286.556 Thread 0x000002007e7ce0e0 Thread added: 0x000002007e7ce0e0
Event: 1287.925 Thread 0x0000020079f8bfc0 Thread exited: 0x0000020079f8bfc0
Event: 1288.083 Thread 0x000002007e7cc010 Thread added: 0x000002007e7cc010
Event: 1288.302 Thread 0x000002007e7ccd30 Thread added: 0x000002007e7ccd30
Event: 1288.435 Thread 0x000002007e7ccd30 Thread exited: 0x000002007e7ccd30
Event: 1288.967 Thread 0x0000020079f8bfc0 Thread added: 0x0000020079f8bfc0
Event: 1289.014 Thread 0x000002007e7ccd30 Thread added: 0x000002007e7ccd30
Event: 1289.015 Thread 0x000002007e7cd3c0 Thread added: 0x000002007e7cd3c0
Event: 1289.015 Thread 0x000002007e7ce770 Thread added: 0x000002007e7ce770
Event: 1289.066 Thread 0x000002007e7cc6a0 Thread added: 0x000002007e7cc6a0
Event: 1289.170 Thread 0x000002007e7cee00 Thread added: 0x000002007e7cee00
Event: 1289.228 Thread 0x0000020079f89010 Thread added: 0x0000020079f89010
Event: 1294.440 Thread 0x0000020079f89010 Thread exited: 0x0000020079f89010
Event: 1294.440 Thread 0x0000020079f8bfc0 Thread exited: 0x0000020079f8bfc0
Event: 1294.487 Thread 0x000002007e7cee00 Thread exited: 0x000002007e7cee00


Dynamic libraries:
0x00007ff790e80000 - 0x00007ff790e8e000 	C:\pleiades\2023-12\java\21\bin\javaw.exe
0x00007ff935da0000 - 0x00007ff936005000 	C:\WINDOWS\SYSTEM32\ntdll.dll
0x00007ff934670000 - 0x00007ff934739000 	C:\WINDOWS\System32\KERNEL32.DLL
0x00007ff933540000 - 0x00007ff933928000 	C:\WINDOWS\System32\KERNELBASE.dll
0x00007ff933930000 - 0x00007ff933a7b000 	C:\WINDOWS\System32\ucrtbase.dll
0x00007ff90fd30000 - 0x00007ff90fd48000 	C:\pleiades\2023-12\java\21\bin\jli.dll
0x00007ff90fd10000 - 0x00007ff90fd2b000 	C:\pleiades\2023-12\java\21\bin\VCRUNTIME140.dll
0x00007ff933b40000 - 0x00007ff933d0a000 	C:\WINDOWS\System32\USER32.dll
0x00007ff932ef0000 - 0x00007ff932f17000 	C:\WINDOWS\System32\win32u.dll
0x00007ff9235b0000 - 0x00007ff92384a000 	C:\WINDOWS\WinSxS\amd64_microsoft.windows.common-controls_6595b64144ccf1df_6.0.26100.4202_none_3e0698d4e335f517\COMCTL32.dll
0x00007ff935af0000 - 0x00007ff935b99000 	C:\WINDOWS\System32\msvcrt.dll
0x00007ff9349f0000 - 0x00007ff934a1b000 	C:\WINDOWS\System32\GDI32.dll
0x00007ff9332c0000 - 0x00007ff9333f7000 	C:\WINDOWS\System32\gdi32full.dll
0x00007ff933490000 - 0x00007ff933533000 	C:\WINDOWS\System32\msvcp_win.dll
0x00007ff934360000 - 0x00007ff934390000 	C:\WINDOWS\System32\IMM32.DLL
0x00007ff913760000 - 0x00007ff91376c000 	C:\pleiades\2023-12\java\21\bin\vcruntime140_1.dll
0x00007ff90fc80000 - 0x00007ff90fd0e000 	C:\pleiades\2023-12\java\21\bin\msvcp140.dll
0x00007ff8ab4c0000 - 0x00007ff8ac243000 	C:\pleiades\2023-12\java\21\bin\server\jvm.dll
0x00007ff934490000 - 0x00007ff934543000 	C:\WINDOWS\System32\ADVAPI32.dll
0x00007ff935ba0000 - 0x00007ff935c46000 	C:\WINDOWS\System32\sechost.dll
0x00007ff934550000 - 0x00007ff934665000 	C:\WINDOWS\System32\RPCRT4.dll
0x00007ff935890000 - 0x00007ff935904000 	C:\WINDOWS\System32\WS2_32.dll
0x00007ff932d40000 - 0x00007ff932d9e000 	C:\WINDOWS\SYSTEM32\POWRPROF.dll
0x00007ff92a5b0000 - 0x00007ff92a5bb000 	C:\WINDOWS\SYSTEM32\VERSION.dll
0x00007ff920790000 - 0x00007ff9207c5000 	C:\WINDOWS\SYSTEM32\WINMM.dll
0x00007ff932d20000 - 0x00007ff932d34000 	C:\WINDOWS\SYSTEM32\UMPDC.dll
0x00007ff931c70000 - 0x00007ff931c8b000 	C:\WINDOWS\SYSTEM32\kernel.appcore.dll
0x00007ff90ffd0000 - 0x00007ff90ffda000 	C:\pleiades\2023-12\java\21\bin\jimage.dll
0x00007ff90bc40000 - 0x00007ff90be81000 	C:\WINDOWS\SYSTEM32\DBGHELP.DLL
0x00007ff934db0000 - 0x00007ff935135000 	C:\WINDOWS\System32\combase.dll
0x00007ff9343a0000 - 0x00007ff934481000 	C:\WINDOWS\System32\OLEAUT32.dll
0x00007ff924730000 - 0x00007ff924769000 	C:\WINDOWS\SYSTEM32\dbgcore.DLL
0x00007ff933220000 - 0x00007ff9332b9000 	C:\WINDOWS\System32\bcryptPrimitives.dll
0x00007ff90d300000 - 0x00007ff90d33c000 	C:\pleiades\2023-12\java\21\bin\jdwp.dll
0x00007ff90fc40000 - 0x00007ff90fc4f000 	C:\pleiades\2023-12\java\21\bin\instrument.dll
0x00007ff90d410000 - 0x00007ff90d42f000 	C:\pleiades\2023-12\java\21\bin\java.dll
0x00007ff935140000 - 0x00007ff935882000 	C:\WINDOWS\System32\SHELL32.dll
0x00007ff932f20000 - 0x00007ff933094000 	C:\WINDOWS\System32\wintypes.dll
0x00007ff930970000 - 0x00007ff9311c8000 	C:\WINDOWS\SYSTEM32\windows.storage.dll
0x00007ff934740000 - 0x00007ff934831000 	C:\WINDOWS\System32\SHCORE.dll
0x00007ff9342a0000 - 0x00007ff93430a000 	C:\WINDOWS\System32\shlwapi.dll
0x00007ff932e00000 - 0x00007ff932e2f000 	C:\WINDOWS\SYSTEM32\profapi.dll
0x00007ff90b6b0000 - 0x00007ff90b787000 	C:\pleiades\2023-12\java\21\bin\jsvml.dll
0x00007ff90fc30000 - 0x00007ff90fc3c000 	C:\pleiades\2023-12\java\21\bin\dt_socket.dll
0x00007ff9313d0000 - 0x00007ff931403000 	C:\WINDOWS\SYSTEM32\IPHLPAPI.DLL
0x00007ff9321c0000 - 0x00007ff93222a000 	C:\WINDOWS\system32\mswsock.dll
0x00007ff931450000 - 0x00007ff931577000 	C:\WINDOWS\SYSTEM32\DNSAPI.dll
0x00007ff935cd0000 - 0x00007ff935cda000 	C:\WINDOWS\System32\NSI.dll
0x00007ff92ad60000 - 0x00007ff92ad6b000 	C:\Windows\System32\rasadhlp.dll
0x00007ff92c990000 - 0x00007ff92ca16000 	C:\WINDOWS\System32\fwpuclnt.dll
0x00007ff90d2e0000 - 0x00007ff90d2f8000 	C:\pleiades\2023-12\java\21\bin\zip.dll
0x00007ff90e4c0000 - 0x00007ff90e4d0000 	C:\pleiades\2023-12\java\21\bin\net.dll
0x00007ff92bfb0000 - 0x00007ff92c0ce000 	C:\WINDOWS\SYSTEM32\WINHTTP.dll
0x00007ff90d2c0000 - 0x00007ff90d2d6000 	C:\pleiades\2023-12\java\21\bin\nio.dll
0x00007ff90d2b0000 - 0x00007ff90d2c0000 	C:\pleiades\2023-12\java\21\bin\verify.dll
0x00007ff90d270000 - 0x00007ff90d27a000 	C:\pleiades\2023-12\java\21\bin\management.dll
0x00007ff90d260000 - 0x00007ff90d26b000 	C:\pleiades\2023-12\java\21\bin\management_ext.dll
0x00007ff933dd0000 - 0x00007ff933dd8000 	C:\WINDOWS\System32\PSAPI.DLL
0x00007ff90d250000 - 0x00007ff90d25e000 	C:\pleiades\2023-12\java\21\bin\sunmscapi.dll
0x00007ff9330a0000 - 0x00007ff933217000 	C:\WINDOWS\System32\CRYPT32.dll
0x00007ff9326f0000 - 0x00007ff932720000 	C:\WINDOWS\SYSTEM32\ncrypt.dll
0x00007ff9326a0000 - 0x00007ff9326df000 	C:\WINDOWS\SYSTEM32\NTASN1.dll
0x00007ff9325a0000 - 0x00007ff9325bb000 	C:\WINDOWS\SYSTEM32\CRYPTSP.dll
0x00007ff931bd0000 - 0x00007ff931c0a000 	C:\WINDOWS\system32\rsaenh.dll
0x00007ff932260000 - 0x00007ff93228b000 	C:\WINDOWS\SYSTEM32\USERENV.dll
0x00007ff932dd0000 - 0x00007ff932df6000 	C:\WINDOWS\SYSTEM32\bcrypt.dll
0x00007ff932400000 - 0x00007ff93240c000 	C:\WINDOWS\SYSTEM32\CRYPTBASE.dll
0x00007ff90d240000 - 0x00007ff90d249000 	C:\pleiades\2023-12\java\21\bin\extnet.dll
0x00007ff8aa7a0000 - 0x00007ff8aa7a8000 	C:\WINDOWS\system32\wshunix.dll

dbghelp: loaded successfully - version: 4.0.5 - missing functions: none
symbol engine: initialized successfully - sym options: 0x614 - pdb path: .;C:\pleiades\2023-12\java\21\bin;C:\WINDOWS\SYSTEM32;C:\WINDOWS\WinSxS\amd64_microsoft.windows.common-controls_6595b64144ccf1df_6.0.26100.4202_none_3e0698d4e335f517;C:\pleiades\2023-12\java\21\bin\server

VM Arguments:
jvm_args: -XX:+ShowCodeDetailsInExceptionMessages -agentlib:jdwp=transport=dt_socket,suspend=y,address=localhost:51199 -javaagent:Z:\.settings\pleiades2023\configuration\org.eclipse.osgi\249\0\.cp\lib\javaagent-shaded.jar -Dfile.encoding=UTF-8 -Dstdout.encoding=UTF-8 -Dstderr.encoding=UTF-8 
java_command: com.example.idol.IdolApplication
java_class_path (initial): Z:\pro3\idol\target\classes;C:\Users\24yn0122\.m2\repository\org\springframework\boot\spring-boot-starter-data-jpa\3.5.0\spring-boot-starter-data-jpa-3.5.0.jar;C:\Users\24yn0122\.m2\repository\org\springframework\boot\spring-boot-starter\3.5.0\spring-boot-starter-3.5.0.jar;C:\Users\24yn0122\.m2\repository\org\springframework\boot\spring-boot-starter-logging\3.5.0\spring-boot-starter-logging-3.5.0.jar;C:\Users\24yn0122\.m2\repository\ch\qos\logback\logback-classic\1.5.18\logback-classic-1.5.18.jar;C:\Users\24yn0122\.m2\repository\ch\qos\logback\logback-core\1.5.18\logback-core-1.5.18.jar;C:\Users\24yn0122\.m2\repository\org\apache\logging\log4j\log4j-to-slf4j\2.24.3\log4j-to-slf4j-2.24.3.jar;C:\Users\24yn0122\.m2\repository\org\apache\logging\log4j\log4j-api\2.24.3\log4j-api-2.24.3.jar;C:\Users\24yn0122\.m2\repository\org\slf4j\jul-to-slf4j\2.0.17\jul-to-slf4j-2.0.17.jar;C:\Users\24yn0122\.m2\repository\jakarta\annotation\jakarta.annotation-api\2.1.1\jakarta.annotation-api-2.1.1.jar;C:\Users\24yn0122\.m2\repository\org\yaml\snakeyaml\2.4\snakeyaml-2.4.jar;C:\Users\24yn0122\.m2\repository\org\springframework\boot\spring-boot-starter-jdbc\3.5.0\spring-boot-starter-jdbc-3.5.0.jar;C:\Users\24yn0122\.m2\repository\com\zaxxer\HikariCP\6.3.0\HikariCP-6.3.0.jar;C:\Users\24yn0122\.m2\repository\org\springframework\spring-jdbc\6.2.7\spring-jdbc-6.2.7.jar;C:\Users\24yn0122\.m2\repository\org\hibernate\orm\hibernate-core\6.6.15.Final\hibernate-core-6.6.15.Final.jar;C:\Users\24yn0122\.m2\repository\jakarta\persistence\jakarta.persistence-api\3.1.0\jakarta.persistence-api-3.1.0.jar;C:\Users\24yn0122\.m2\repository\jakarta\transaction\jakarta.transaction-api\2.0.1\jakarta.transaction-api-2.0.1.jar;C:\Users\24yn0122\.m2\repository\org\jboss\logging\jboss-logging\3.6.1.Final\jboss-logging-3.6.1.Final.jar;C:\Users\24yn0122\.m2\repository\org\hibernate\common\hibernate-commons-annotations\7.0.3.Final\hibernate-commons-annotations-7.0.3.Final.jar;C:\Users\24yn0122\.m2\repository\io\smallrye\jandex\3.2.0\jandex-3.2.0.jar;C:\Users\24yn0122\.m2\repository\com\fasterxml\classmate\1.7.0\classmate-1.7.0.jar;C:\Users\24yn0122\.m2\repository\net\bytebuddy\byte-buddy\1.17.5\byte-buddy-1.17.5.jar;C:\Users\24yn0122\.m2\repository\org\glassfish\jaxb\jaxb-runtime\4.0.5\jaxb-runtime-4.0.5.jar;C:\Users\24yn0122\.m2\repository\org\glassfish\jaxb\jaxb-core\4.0.5\jaxb-core-4.0.5.jar;C:\Users\24yn0122\.m2\repository\org\eclipse\angus\angus-activation\2.0.2\angus-activation-2.0.2.jar;C:\Users\24yn0122\.m2\repository\org\glassfish\jaxb\txw2\4.0.5\txw2-4.0.5.jar;C:\Users\24yn0122\.m2\repository\com\sun\istack\istack-commons-runtime\4.1.2\istack-commons-runtime-4.1.2.jar;C:\Users\24yn0122\.m2\repository\jakarta\inject\jakarta.inject-api\2.0.1\jakarta.inject-api-2.0.1.jar;C:\Users\24yn0122\.m2\repository\org\antlr\antlr4-runtime\4.13.0\antlr4-runtime-4.13.0.jar;C:\Users\24yn0122\.m2\repository\org\springframework\data\spring-data-jpa\3.5.0\spring-data-jpa-3.5.0.jar;C:\Users\24yn0122\.m2\repository\org\springframework\data\spring-data-commons\3.5.0\spring-data-commons-3.5.0.jar;C:\Users\24yn0122\.m2\repository\org\springframework\spring-orm\6.2.7\spring-orm-6.2.7.jar;C:\Users\24yn0122\.m2\repository\org\springframework\spring-context\6.2.7\spring-context-6.2.7.jar;C:\Users\24yn0122\.m2\repository\org\springframework\spring-aop\6.2.7\spring-aop-6.2.7.jar;C:\Users\24yn0122\.m2\repository\org\springframework\spring-tx\6.2.7\spring-tx-6.2.7.jar;C:\Users\24yn0122\.m2\repository\org\springframework\spring-beans\6.2.7\spring-beans-6.2.7.jar;C:\Users\24yn0122\.m2\repository\org\slf4j\slf4j-api\2.0.17\slf4j-api-2.0.17.jar;C:\Users\24yn0122\.m2\repository\org\springframework\spring-aspects\6.2.7\spring-aspects-6.2.7.jar;C:\Users\24yn0122\.m2\repository\org\aspectj\aspectjweaver\1.9.24\aspectjweaver-1.9.24.jar;C:\Users\24yn0122\.m2\repository\org\springframework\boot\spring-boot-starter-thymeleaf\3.5.0\spring-boot-starter-thymeleaf-3.5.0.jar;C:\Users\24yn0122\.m2\repository\org\thymeleaf\thymeleaf-spring6\3.1.3.RELEASE\thymeleaf-spring6-3.1.3.RELEASE.jar;C:\Users\24yn0122\.m2\repository\org\thymeleaf\thymeleaf\3.1.3.RELEASE\thymeleaf-3.1.3.RELEASE.jar;C:\Users\24yn0122\.m2\repository\org\attoparser\attoparser\2.0.7.RELEASE\attoparser-2.0.7.RELEASE.jar;C:\Users\24yn0122\.m2\repository\org\unbescape\unbescape\1.1.6.RELEASE\unbescape-1.1.6.RELEASE.jar;C:\Users\24yn0122\.m2\repository\org\springframework\boot\spring-boot-starter-web\3.5.0\spring-boot-starter-web-3.5.0.jar;C:\Users\24yn0122\.m2\repository\org\springframework\boot\spring-boot-starter-json\3.5.0\spring-boot-starter-json-3.5.0.jar;C:\Users\24yn0122\.m2\repository\com\fasterxml\jackson\core\jackson-databind\2.19.0\jackson-databind-2.19.0.jar;C:\Users\24yn0122\.m2\repository\com\fasterxml\jackson\core\jackson-annotations\2.19.0\jackson-annotations-2.19.0.jar;C:\Users\24yn0122\.m2\repository\com\fasterxml\jackson\core\jackson-core\2.19.0\jackson-core-2.19.0.jar;C:\Users\24yn0122\.m2\repository\com\fasterxml\jackson\datatype\jackson-datatype-jdk8\2.19.0\jackson-datatype-jdk8-2.19.0.jar;C:\Users\24yn0122\.m2\repository\com\fasterxml\jackson\datatype\jackson-datatype-jsr310\2.19.0\jackson-datatype-jsr310-2.19.0.jar;C:\Users\24yn0122\.m2\repository\com\fasterxml\jackson\module\jackson-module-parameter-names\2.19.0\jackson-module-parameter-names-2.19.0.jar;C:\Users\24yn0122\.m2\repository\org\springframework\boot\spring-boot-starter-tomcat\3.5.0\spring-boot-starter-tomcat-3.5.0.jar;C:\Users\24yn0122\.m2\repository\org\apache\tomcat\embed\tomcat-embed-core\10.1.41\tomcat-embed-core-10.1.41.jar;C:\Users\24yn0122\.m2\repository\org\apache\tomcat\embed\tomcat-embed-el\10.1.41\tomcat-embed-el-10.1.41.jar;C:\Users\24yn0122\.m2\repository\org\apache\tomcat\embed\tomcat-embed-websocket\10.1.41\tomcat-embed-websocket-10.1.41.jar;C:\Users\24yn0122\.m2\repository\org\springframework\spring-web\6.2.7\spring-web-6.2.7.jar;C:\Users\24yn0122\.m2\repository\io\micrometer\micrometer-observation\1.15.0\micrometer-observation-1.15.0.jar;C:\Users\24yn0122\.m2\repository\io\micrometer\micrometer-commons\1.15.0\micrometer-commons-1.15.0.jar;C:\Users\24yn0122\.m2\repository\org\springframework\spring-webmvc\6.2.7\spring-webmvc-6.2.7.jar;C:\Users\24yn0122\.m2\repository\org\springframework\spring-expression\6.2.7\spring-expression-6.2.7.jar;C:\Users\24yn0122\.m2\repository\org\springframework\boot\spring-boot-devtools\3.5.0\spring-boot-devtools-3.5.0.jar;C:\Users\24yn0122\.m2\repository\org\springframework\boot\spring-boot\3.5.0\spring-boot-3.5.0.jar;C:\Users\24yn0122\.m2\repository\org\springframework\boot\spring-boot-autoconfigure\3.5.0\spring-boot-autoconfigure-3.5.0.jar;C:\Users\24yn0122\.m2\repository\org\webjars\bootstrap\5.3.5\bootstrap-5.3.5.jar;C:\Users\24yn0122\.m2\repository\com\h2database\h2\2.3.232\h2-2.3.232.jar;C:\Users\24yn0122\.m2\repository\org\projectlombok\lombok\1.18.38\lombok-1.18.38.jar;C:\Users\24yn0122\.m2\repository\jakarta\xml\bind\jakarta.xml.bind-api\4.0.2\jakarta.xml.bind-api-4.0.2.jar;C:\Users\24yn0122\.m2\repository\jakarta\activation\jakarta.activation-api\2.1.3\jakarta.activation-api-2.1.3.jar;C:\Users\24yn0122\.m2\repository\org\springframework\spring-core\6.2.7\spring-core-6.2.7.jar;C:\Users\24yn0122\.m2\repository\org\springframework\spring-jcl\6.2.7\spring-jcl-6.2.7.jar;Z:\pro3\DBSample\target\classes
Launcher Type: SUN_STANDARD

[Global flags]
     intx CICompilerCount                          = 4                                         {product} {ergonomic}
     uint ConcGCThreads                            = 2                                         {product} {ergonomic}
     uint G1ConcRefinementThreads                  = 8                                         {product} {ergonomic}
   size_t G1HeapRegionSize                         = 2097152                                   {product} {ergonomic}
    uintx GCDrainStackTargetSize                   = 64                                        {product} {ergonomic}
   size_t InitialHeapSize                          = 266338304                                 {product} {ergonomic}
   size_t MarkStackSize                            = 4194304                                   {product} {ergonomic}
   size_t MaxHeapSize                              = 4236247040                                {product} {ergonomic}
   size_t MaxNewSize                               = 2541748224                                {product} {ergonomic}
   size_t MinHeapDeltaBytes                        = 2097152                                   {product} {ergonomic}
   size_t MinHeapSize                              = 8388608                                   {product} {ergonomic}
    uintx NonNMethodCodeHeapSize                   = 5839372                                {pd product} {ergonomic}
    uintx NonProfiledCodeHeapSize                  = 122909434                              {pd product} {ergonomic}
    uintx ProfiledCodeHeapSize                     = 122909434                              {pd product} {ergonomic}
    uintx ReservedCodeCacheSize                    = 251658240                              {pd product} {ergonomic}
     bool SegmentedCodeCache                       = true                                      {product} {ergonomic}
     bool ShowCodeDetailsInExceptionMessages       = true                                   {manageable} {command line}
   size_t SoftMaxHeapSize                          = 4236247040                             {manageable} {ergonomic}
     bool UseCompressedOops                        = true                           {product lp64_product} {ergonomic}
     bool UseG1GC                                  = true                                      {product} {ergonomic}
     bool UseLargePagesIndividualAllocation        = false                                  {pd product} {ergonomic}

Logging:
Log output configuration:
 #0: stdout all=warning uptime,level,tags foldmultilines=false
 #1: stderr all=off uptime,level,tags foldmultilines=false

Environment Variables:
PATH=C:/pleiades/2023-12/java/17/bin/server;C:/pleiades/2023-12/java/17/bin;C:\Program Files\Python312\Scripts\;C:\Program Files\Python312\;C:\Program Files\Microsoft MPI\Bin\;C:\WINDOWS\system32;C:\WINDOWS;C:\WINDOWS\System32\Wbem;C:\WINDOWS\System32\WindowsPowerShell\v1.0\;C:\WINDOWS\System32\OpenSSH\;C:\Program Files (x86)\Common Files\Roxio Shared\DLLShared\;C:\Program Files (x86)\Common Files\Roxio Shared\OEM\12.0\DLLShared\;C:\Program Files (x86)\Roxio 2010\OEM\AudioCore\;C:\Program Files\Microsoft SQL Server\130\Tools\Binn\;C:\Program Files\Microsoft VS Code\bin;C:\Program Files\Azure Data Studio\bin;C:\ProgramData\chocolatey\bin;C:\Program Files (x86)\Microsoft SQL Server\160\DTS\Binn\;C:\WINDOWS\system32;C:\WINDOWS;C:\WINDOWS\System32\Wbem;C:\WINDOWS\System32\WindowsPowerShell\v1.0\;C:\WINDOWS\System32\OpenSSH\;C:\Program Files\Microsoft SQL Server\Client SDK\ODBC\170\Tools\Binn\;C:\Program Files\Git\cmd;C:\Program Files\dotnet\;C:\Program Files\Microsoft SQL Server\150\Tools\Binn\;C:\Program Files\nodejs\;C:\Users\24yn0122\AppData\Local\Microsoft\WindowsApps;C:\pleiades\2023-12\java\21\bin;\\10.32.97.1\ProfilesRedirect$\24yn0122\AppData\Roaming\npm;C:\pleiades\2023-12\eclipse;
USERNAME=24yn0122
OS=Windows_NT
PROCESSOR_IDENTIFIER=Intel64 Family 6 Model 158 Stepping 13, GenuineIntel
TMP=C:\Users\24yn0122\AppData\Local\Temp
TEMP=C:\Users\24yn0122\AppData\Local\Temp




Periodic native trim disabled

---------------  S Y S T E M  ---------------

OS:
 Windows 11 , 64 bit Build 26100 (10.0.26100.4202)
OS uptime: 0 days 2:49 hours
Hyper-V role detected

CPU: total 8 (initial active 8) (8 cores per cpu, 1 threads per core) family 6 model 158 stepping 13 microcode 0xfa, cx8, cmov, fxsr, mmx, 3dnowpref, sse, sse2, sse3, ssse3, sse4.1, sse4.2, popcnt, lzcnt, tsc, tscinvbit, avx, avx2, aes, erms, clmul, bmi1, bmi2, adx, fma, vzeroupper, clflush, clflushopt, hv, rdtscp, f16c
Processor Information for all 8 processors :
  Max Mhz: 3000, Current Mhz: 3000, Mhz Limit: 3000

Memory: 4k page, system-wide physical 16153M (9115M free)
TotalPageFile size 33561M (AvailPageFile size 26546M)
current process WorkingSet (physical memory assigned to process): 290M, peak: 359M
current process commit charge ("private bytes"): 322M, peak: 466M

vm_info: OpenJDK 64-Bit Server VM (21.0.2+13-LTS) for windows-amd64 JRE (21.0.2+13-LTS), built on 2024-01-16T00:00:00Z by "admin" with unknown MS VC++:1937

END.
